<?xml version="1.0" encoding="UTF-8"?>
<testng-results ignored="0" total="9" passed="8" failed="1" skipped="0">
  <reporter-output>
  </reporter-output>
  <suite started-at="2022-10-09T14:01:33Z" name="Surefire suite" finished-at="2022-10-09T14:04:39Z" duration-ms="185478">
    <groups>
      <group name="cucumber">
        <method signature="AbstractTestNGCucumberTests.runScenario(io.cucumber.testng.PickleWrapper, io.cucumber.testng.FeatureWrapper)[pri:0, instance:testrunners.TestRunner@aecb35a]" name="runScenario" class="io.cucumber.testng.AbstractTestNGCucumberTests"/>
      </group> <!-- cucumber -->
    </groups>
    <test started-at="2022-10-09T14:01:33Z" name="Surefire test" finished-at="2022-10-09T14:04:39Z" duration-ms="185478">
      <class name="testrunners.TestRunner">
        <test-method is-config="true" signature="setUpClass(org.testng.ITestContext)[pri:0, instance:testrunners.TestRunner@aecb35a]" started-at="2022-10-09T14:01:33Z" name="setUpClass" finished-at="2022-10-09T14:01:34Z" duration-ms="692" status="PASS">
          <params>
            <param index="0">
              <value>
                <![CDATA[org.testng.TestRunner@27c6e487]]>
              </value>
            </param>
          </params>
          <reporter-output>
          </reporter-output>
        </test-method> <!-- setUpClass -->
        <test-method signature="runScenario(io.cucumber.testng.PickleWrapper, io.cucumber.testng.FeatureWrapper)[pri:0, instance:testrunners.TestRunner@aecb35a]" started-at="2022-10-09T14:01:34Z" name="runScenario" description="Runs Cucumber Scenarios" data-provider="scenarios" finished-at="2022-10-09T14:01:54Z" duration-ms="20327" status="PASS">
          <params>
            <param index="0">
              <value>
                <![CDATA["verify user can checkout the subscribed package"]]>
              </value>
            </param>
            <param index="1">
              <value>
                <![CDATA["Checkout the Subscription Package"]]>
              </value>
            </param>
          </params>
          <reporter-output>
          </reporter-output>
        </test-method> <!-- runScenario -->
        <test-method signature="runScenario(io.cucumber.testng.PickleWrapper, io.cucumber.testng.FeatureWrapper)[pri:0, instance:testrunners.TestRunner@aecb35a]" started-at="2022-10-09T14:01:54Z" name="runScenario" description="Runs Cucumber Scenarios" data-provider="scenarios" finished-at="2022-10-09T14:02:11Z" duration-ms="17181" status="PASS">
          <params>
            <param index="0">
              <value>
                <![CDATA["verify user can checkout the subscribed package"]]>
              </value>
            </param>
            <param index="1">
              <value>
                <![CDATA["Checkout the Subscription Package"]]>
              </value>
            </param>
          </params>
          <reporter-output>
          </reporter-output>
        </test-method> <!-- runScenario -->
        <test-method signature="runScenario(io.cucumber.testng.PickleWrapper, io.cucumber.testng.FeatureWrapper)[pri:0, instance:testrunners.TestRunner@aecb35a]" started-at="2022-10-09T14:02:11Z" name="runScenario" description="Runs Cucumber Scenarios" data-provider="scenarios" finished-at="2022-10-09T14:02:30Z" duration-ms="18323" status="PASS">
          <params>
            <param index="0">
              <value>
                <![CDATA["verify user can checkout the subscribed package"]]>
              </value>
            </param>
            <param index="1">
              <value>
                <![CDATA["Checkout the Subscription Package"]]>
              </value>
            </param>
          </params>
          <reporter-output>
          </reporter-output>
        </test-method> <!-- runScenario -->
        <test-method signature="runScenario(io.cucumber.testng.PickleWrapper, io.cucumber.testng.FeatureWrapper)[pri:0, instance:testrunners.TestRunner@aecb35a]" started-at="2022-10-09T14:02:30Z" name="runScenario" description="Runs Cucumber Scenarios" data-provider="scenarios" finished-at="2022-10-09T14:02:52Z" duration-ms="22399" status="PASS">
          <params>
            <param index="0">
              <value>
                <![CDATA["verify user can checkout the subscribed package"]]>
              </value>
            </param>
            <param index="1">
              <value>
                <![CDATA["Checkout the Subscription Package"]]>
              </value>
            </param>
          </params>
          <reporter-output>
          </reporter-output>
        </test-method> <!-- runScenario -->
        <test-method signature="runScenario(io.cucumber.testng.PickleWrapper, io.cucumber.testng.FeatureWrapper)[pri:0, instance:testrunners.TestRunner@aecb35a]" started-at="2022-10-09T14:02:52Z" name="runScenario" description="Runs Cucumber Scenarios" data-provider="scenarios" finished-at="2022-10-09T14:03:12Z" duration-ms="19540" status="PASS">
          <params>
            <param index="0">
              <value>
                <![CDATA["verify user can checkout the subscribed package"]]>
              </value>
            </param>
            <param index="1">
              <value>
                <![CDATA["Checkout the Subscription Package"]]>
              </value>
            </param>
          </params>
          <reporter-output>
          </reporter-output>
        </test-method> <!-- runScenario -->
        <test-method signature="runScenario(io.cucumber.testng.PickleWrapper, io.cucumber.testng.FeatureWrapper)[pri:0, instance:testrunners.TestRunner@aecb35a]" started-at="2022-10-09T14:03:12Z" name="runScenario" description="Runs Cucumber Scenarios" data-provider="scenarios" finished-at="2022-10-09T14:03:32Z" duration-ms="20054" status="FAIL">
          <params>
            <param index="0">
              <value>
                <![CDATA["verify user can checkout the subscribed package"]]>
              </value>
            </param>
            <param index="1">
              <value>
                <![CDATA["Checkout the Subscription Package"]]>
              </value>
            </param>
          </params>
          <exception class="java.lang.AssertionError">
            <message>
              <![CDATA[expected [true] but found [false]]]>
            </message>
            <full-stacktrace>
              <![CDATA[java.lang.AssertionError: expected [true] but found [false]
at org.testng.Assert.fail(Assert.java:96)
at org.testng.Assert.failNotEquals(Assert.java:776)
at org.testng.Assert.assertTrue(Assert.java:44)
at org.testng.Assert.assertTrue(Assert.java:54)
at com.pages.CheckOut.addOnPageFieldsVerification(CheckOut.java:115)
at stepDefinition.SubscriptionSteps.user_includes_the_add_ons(SubscriptionSteps.java:38)
at ✽.user includes the add ons "false" "false"(file:///Users/rahul/Documents/StvProject/src/test/resources/features/Subscription.feature:13)
]]>
            </full-stacktrace>
          </exception> <!-- java.lang.AssertionError -->
          <reporter-output>
          </reporter-output>
        </test-method> <!-- runScenario -->
        <test-method signature="runScenario(io.cucumber.testng.PickleWrapper, io.cucumber.testng.FeatureWrapper)[pri:0, instance:testrunners.TestRunner@aecb35a]" started-at="2022-10-09T14:03:32Z" name="runScenario" description="Runs Cucumber Scenarios" data-provider="scenarios" finished-at="2022-10-09T14:03:51Z" duration-ms="18759" status="PASS">
          <params>
            <param index="0">
              <value>
                <![CDATA["verify user can checkout the subscribed package"]]>
              </value>
            </param>
            <param index="1">
              <value>
                <![CDATA["Checkout the Subscription Package"]]>
              </value>
            </param>
          </params>
          <reporter-output>
          </reporter-output>
        </test-method> <!-- runScenario -->
        <test-method signature="runScenario(io.cucumber.testng.PickleWrapper, io.cucumber.testng.FeatureWrapper)[pri:0, instance:testrunners.TestRunner@aecb35a]" started-at="2022-10-09T14:03:51Z" name="runScenario" description="Runs Cucumber Scenarios" data-provider="scenarios" finished-at="2022-10-09T14:04:09Z" duration-ms="18732" status="PASS">
          <params>
            <param index="0">
              <value>
                <![CDATA["verify user can checkout the subscribed package"]]>
              </value>
            </param>
            <param index="1">
              <value>
                <![CDATA["Checkout the Subscription Package"]]>
              </value>
            </param>
          </params>
          <reporter-output>
          </reporter-output>
        </test-method> <!-- runScenario -->
        <test-method signature="runScenario(io.cucumber.testng.PickleWrapper, io.cucumber.testng.FeatureWrapper)[pri:0, instance:testrunners.TestRunner@aecb35a]" started-at="2022-10-09T14:04:09Z" name="runScenario" description="Runs Cucumber Scenarios" data-provider="scenarios" finished-at="2022-10-09T14:04:30Z" duration-ms="20690" status="PASS">
          <params>
            <param index="0">
              <value>
                <![CDATA["verify user can checkout the subscribed package"]]>
              </value>
            </param>
            <param index="1">
              <value>
                <![CDATA["Checkout the Subscription Package"]]>
              </value>
            </param>
          </params>
          <reporter-output>
          </reporter-output>
        </test-method> <!-- runScenario -->
        <test-method is-config="true" signature="tearDownClass()[pri:0, instance:testrunners.TestRunner@aecb35a]" started-at="2022-10-09T14:04:30Z" name="tearDownClass" finished-at="2022-10-09T14:04:39Z" duration-ms="8756" status="PASS">
          <reporter-output>
          </reporter-output>
        </test-method> <!-- tearDownClass -->
      </class> <!-- testrunners.TestRunner -->
    </test> <!-- Surefire test -->
  </suite> <!-- Surefire suite -->
</testng-results>
