<?xml version="1.0" encoding="UTF-8"?>
<testsuite xmlns:xsi="http://www.w3.org/2001/XMLSchema-instance" xsi:noNamespaceSchemaLocation="https://maven.apache.org/surefire/maven-surefire-plugin/xsd/surefire-test-report.xsd" name="testrunners.TestRunner" time="185.811" tests="9" errors="0" skipped="0" failures="1">
  <properties>
[...]
</properties>
  <testcase name="runScenario" classname="testrunners.TestRunner" time="20.328"/>
  <testcase name="runScenario" classname="testrunners.TestRunner" time="17.181"/>
  <testcase name="runScenario" classname="testrunners.TestRunner" time="18.324"/>
  <testcase name="runScenario" classname="testrunners.TestRunner" time="22.4"/>
  <testcase name="runScenario" classname="testrunners.TestRunner" time="19.541"/>
  <testcase name="runScenario" classname="testrunners.TestRunner" time="20.064">
    <failure message="expected [true] but found [false]" type="java.lang.AssertionError">java.lang.AssertionError: expected [true] but found [false]
</failure>
    <system-out><![CDATA[
@checkoutFlow
Scenario Outline: verify user can checkout the subscribed package &amp#27;[90m# src/test/resources/features/Subscription.feature:22&amp#27;[0m
  &amp#27;[32mGiven &amp#27;[0m&amp#27;[32muser has logged in to application&amp#27;[0m                         &amp#27;[90m# stepDefinition.SubscriptionSteps.user_has_logged_in_to_application()&amp#27;[0m
  &amp#27;[32mWhen &amp#27;[0m&amp#27;[32muser selects country &amp#27;[0m&amp#27;[32m&amp#27;[1m"KSA"&amp#27;[0m                                 &amp#27;[90m# stepDefinition.SubscriptionSteps.user_selects_country(java.lang.String)&amp#27;[0m
  &amp#27;[32mAnd &amp#27;[0m&amp#27;[32mchoose and verify trial plan type &amp#27;[0m&amp#27;[32m&amp#27;[1m"Premium"&amp#27;[0m                 &amp#27;[90m# stepDefinition.SubscriptionSteps.choose_and_verify_trial_plan_type(java.lang.String)&amp#27;[0m
  &amp#27;[32mAnd &amp#27;[0m&amp#27;[32muser enters account credentials&amp#27;[0m                             &amp#27;[90m# stepDefinition.SubscriptionSteps.user_enters_account_credentials()&amp#27;[0m

PlanstctvPremium60.00SAR/Month
  &amp#27;[31mAnd &amp#27;[0m&amp#27;[31muser includes the add ons &amp#27;[0m&amp#27;[31m&amp#27;[1m"false"&amp#27;[0m&amp#27;[31m &amp#27;[0m&amp#27;[31m&amp#27;[1m"false"&amp#27;[0m                   &amp#27;[90m# stepDefinition.SubscriptionSteps.user_includes_the_add_ons(java.lang.String,java.lang.String)&amp#27;[0m
      &amp#27;[31mjava.lang.AssertionError: expected [true] but found [false]
	at org.testng.Assert.fail(Assert.java:96)
	at org.testng.Assert.failNotEquals(Assert.java:776)
	at org.testng.Assert.assertTrue(Assert.java:44)
	at org.testng.Assert.assertTrue(Assert.java:54)
	at com.pages.CheckOut.addOnPageFieldsVerification(CheckOut.java:115)
	at stepDefinition.SubscriptionSteps.user_includes_the_add_ons(SubscriptionSteps.java:38)
	at ✽.user includes the add ons "false" "false"(file:///Users/rahul/Documents/StvProject/src/test/resources/features/Subscription.feature:13)
&amp#27;[0m
  &amp#27;[36mThen &amp#27;[0m&amp#27;[36mverify checkout details are correct&amp#27;[0m                        &amp#27;[90m# stepDefinition.SubscriptionSteps.verify_checkout_details_are_correct()&amp#27;[0m

    Embedding verify_user_can_checkout_the_subscribed_package [image/png 170143 bytes]

]]></system-out>
    <system-err><![CDATA[[TestNG-test=Surefire test-1] INFO io.github.bonigarcia.wdm.WebDriverManager - Using chromedriver 105.0.5195.52 (resolved driver for Chrome 105)
[TestNG-test=Surefire test-1] INFO io.github.bonigarcia.wdm.WebDriverManager - Exporting webdriver.chrome.driver as /Users/rahul/.cache/selenium/chromedriver/mac64/105.0.5195.52/chromedriver
Starting ChromeDriver 105.0.5195.52 (412c95e518836d8a7d97250d62b29c2ae6a26a85-refs/branch-heads/5195@{#853}) on port 55780
Only local connections are allowed.
Please see https://chromedriver.chromium.org/security-considerations for suggestions on keeping ChromeDriver safe.
ChromeDriver was started successfully.
Oct 09, 2022 7:33:13 PM org.openqa.selenium.remote.ProtocolHandshake createSession
INFO: Detected dialect: W3C
Oct 09, 2022 7:33:13 PM org.openqa.selenium.devtools.CdpVersionFinder findNearestMatch
WARNING: Unable to find an exact match for CDP version 105, so returning the closest version found: a no-op implementation
Oct 09, 2022 7:33:13 PM org.openqa.selenium.devtools.CdpVersionFinder findNearestMatch
INFO: Unable to find CDP implementation matching 105.
Oct 09, 2022 7:33:13 PM org.openqa.selenium.chromium.ChromiumDriver lambda$new$3
WARNING: Unable to find version of CDP to use for . You may need to include a dependency on a specific version of the CDP using something similar to `org.seleniumhq.selenium:selenium-devtools-v86:4.0.0` where the version ("v86") matches the version of the chromium-based browser you're using and the version number of the artifact is the same as Selenium's.
]]></system-err>
  </testcase>
  <testcase name="runScenario" classname="testrunners.TestRunner" time="18.758"/>
  <testcase name="runScenario" classname="testrunners.TestRunner" time="18.732"/>
  <testcase name="runScenario" classname="testrunners.TestRunner" time="20.69"/>
</testsuite>