<?xml version="1.0" encoding="UTF-8"?>
<testsuite xmlns:xsi="http://www.w3.org/2001/XMLSchema-instance" xsi:noNamespaceSchemaLocation="https://maven.apache.org/surefire/maven-surefire-plugin/xsd/surefire-test-report-3.0.xsd" version="3.0" name="testrunners.TestRunner" time="155.331" tests="9" errors="0" skipped="0" failures="4">
  <properties>
[...]
</properties>
  <testcase name="runScenario[&quot;verify user can checkout the subscribed package&quot;, &quot;Checkout the Subscription Package&quot;](1)" classname="testrunners.TestRunner" time="20.631">
    <system-out><![CDATA[
@checkoutFlow
Scenario Outline: verify user can checkout the subscribed package &amp#27;[90m# src/test/resources/features/Subscription.feature:17&amp#27;[0m
  &amp#27;[32mGiven &amp#27;[0m&amp#27;[32muser has logged in to application&amp#27;[0m                         &amp#27;[90m# stepDefinition.SubscriptionSteps.user_has_logged_in_to_application()&amp#27;[0m
  &amp#27;[32mWhen &amp#27;[0m&amp#27;[32muser selects country &amp#27;[0m&amp#27;[32m&amp#27;[1m"Kuwait"&amp#27;[0m                              &amp#27;[90m# stepDefinition.SubscriptionSteps.user_selects_country(java.lang.String)&amp#27;[0m
  &amp#27;[32mAnd &amp#27;[0m&amp#27;[32mchoose and verify trial plan type &amp#27;[0m&amp#27;[32m&amp#27;[1m"Lite"&amp#27;[0m                    &amp#27;[90m# stepDefinition.SubscriptionSteps.choose_and_verify_trial_plan_type(java.lang.String)&amp#27;[0m
  &amp#27;[32mAnd &amp#27;[0m&amp#27;[32muser enters account credentials&amp#27;[0m                             &amp#27;[90m# stepDefinition.SubscriptionSteps.user_enters_account_credentials()&amp#27;[0m
  &amp#27;[32mAnd &amp#27;[0m&amp#27;[32muser includes the add ons &amp#27;[0m&amp#27;[32m&amp#27;[1m"true"&amp#27;[0m&amp#27;[32m &amp#27;[0m&amp#27;[32m&amp#27;[1m"true"&amp#27;[0m                     &amp#27;[90m# stepDefinition.SubscriptionSteps.user_includes_the_add_ons(java.lang.String,java.lang.String)&amp#27;[0m
  &amp#27;[32mThen &amp#27;[0m&amp#27;[32mverify checkout details are correct&amp#27;[0m                        &amp#27;[90m# stepDefinition.SubscriptionSteps.verify_checkout_details_are_correct()&amp#27;[0m
]]></system-out>
    <system-err><![CDATA[[TestNG-test=Surefire test-1] INFO io.github.bonigarcia.wdm.WebDriverManager - Using chromedriver 106.0.5249.61 (resolved driver for Chrome 106)
[TestNG-test=Surefire test-1] INFO io.github.bonigarcia.wdm.WebDriverManager - Exporting webdriver.chrome.driver as /Users/rahul/.cache/selenium/chromedriver/mac64/106.0.5249.61/chromedriver
Starting ChromeDriver 106.0.5249.61 (511755355844955cd3e264779baf0dd38212a4d0-refs/branch-heads/5249@{#569}) on port 65465
Only local connections are allowed.
Please see https://chromedriver.chromium.org/security-considerations for suggestions on keeping ChromeDriver safe.
ChromeDriver was started successfully.
Oct 23, 2022 5:25:26 PM org.openqa.selenium.remote.ProtocolHandshake createSession
INFO: Detected upstream dialect: W3C
Oct 23, 2022 5:25:26 PM org.openqa.selenium.devtools.CdpVersionFinder findNearestMatch
INFO: Found exact CDP implementation for version 106
[AsyncHttpClient-1-4] WARN org.asynchttpclient.netty.handler.WebSocketHandler - onError
java.net.SocketException: Connection reset
	at java.base/sun.nio.ch.SocketChannelImpl.throwConnectionReset(SocketChannelImpl.java:394)
	at java.base/sun.nio.ch.SocketChannelImpl.read(SocketChannelImpl.java:426)
	at io.netty.buffer.PooledByteBuf.setBytes(PooledByteBuf.java:258)
	at io.netty.buffer.AbstractByteBuf.writeBytes(AbstractByteBuf.java:1132)
	at io.netty.channel.socket.nio.NioSocketChannel.doReadBytes(NioSocketChannel.java:357)
	at io.netty.channel.nio.AbstractNioByteChannel$NioByteUnsafe.read(AbstractNioByteChannel.java:151)
	at io.netty.channel.nio.NioEventLoop.processSelectedKey(NioEventLoop.java:722)
	at io.netty.channel.nio.NioEventLoop.processSelectedKeysOptimized(NioEventLoop.java:658)
	at io.netty.channel.nio.NioEventLoop.processSelectedKeys(NioEventLoop.java:584)
	at io.netty.channel.nio.NioEventLoop.run(NioEventLoop.java:496)
	at io.netty.util.concurrent.SingleThreadEventExecutor$4.run(SingleThreadEventExecutor.java:997)
	at io.netty.util.internal.ThreadExecutorMap$2.run(ThreadExecutorMap.java:74)
	at io.netty.util.concurrent.FastThreadLocalRunnable.run(FastThreadLocalRunnable.java:30)
	at java.base/java.lang.Thread.run(Thread.java:833)
Oct 23, 2022 5:25:43 PM org.openqa.selenium.remote.http.WebSocket$Listener onError
WARNING: Connection reset
java.net.SocketException: Connection reset
	at java.base/sun.nio.ch.SocketChannelImpl.throwConnectionReset(SocketChannelImpl.java:394)
	at java.base/sun.nio.ch.SocketChannelImpl.read(SocketChannelImpl.java:426)
	at io.netty.buffer.PooledByteBuf.setBytes(PooledByteBuf.java:258)
	at io.netty.buffer.AbstractByteBuf.writeBytes(AbstractByteBuf.java:1132)
	at io.netty.channel.socket.nio.NioSocketChannel.doReadBytes(NioSocketChannel.java:357)
	at io.netty.channel.nio.AbstractNioByteChannel$NioByteUnsafe.read(AbstractNioByteChannel.java:151)
	at io.netty.channel.nio.NioEventLoop.processSelectedKey(NioEventLoop.java:722)
	at io.netty.channel.nio.NioEventLoop.processSelectedKeysOptimized(NioEventLoop.java:658)
	at io.netty.channel.nio.NioEventLoop.processSelectedKeys(NioEventLoop.java:584)
	at io.netty.channel.nio.NioEventLoop.run(NioEventLoop.java:496)
	at io.netty.util.concurrent.SingleThreadEventExecutor$4.run(SingleThreadEventExecutor.java:997)
	at io.netty.util.internal.ThreadExecutorMap$2.run(ThreadExecutorMap.java:74)
	at io.netty.util.concurrent.FastThreadLocalRunnable.run(FastThreadLocalRunnable.java:30)
	at java.base/java.lang.Thread.run(Thread.java:833)

]]></system-err>
  </testcase>
  <testcase name="runScenario[&quot;verify user can checkout the subscribed package&quot;, &quot;Checkout the Subscription Package&quot;](2)" classname="testrunners.TestRunner" time="15.825">
    <system-out><![CDATA[
@checkoutFlow
Scenario Outline: verify user can checkout the subscribed package &amp#27;[90m# src/test/resources/features/Subscription.feature:18&amp#27;[0m
  &amp#27;[32mGiven &amp#27;[0m&amp#27;[32muser has logged in to application&amp#27;[0m                         &amp#27;[90m# stepDefinition.SubscriptionSteps.user_has_logged_in_to_application()&amp#27;[0m
  &amp#27;[32mWhen &amp#27;[0m&amp#27;[32muser selects country &amp#27;[0m&amp#27;[32m&amp#27;[1m"Kuwait"&amp#27;[0m                              &amp#27;[90m# stepDefinition.SubscriptionSteps.user_selects_country(java.lang.String)&amp#27;[0m
  &amp#27;[32mAnd &amp#27;[0m&amp#27;[32mchoose and verify trial plan type &amp#27;[0m&amp#27;[32m&amp#27;[1m"Classic"&amp#27;[0m                 &amp#27;[90m# stepDefinition.SubscriptionSteps.choose_and_verify_trial_plan_type(java.lang.String)&amp#27;[0m
  &amp#27;[32mAnd &amp#27;[0m&amp#27;[32muser enters account credentials&amp#27;[0m                             &amp#27;[90m# stepDefinition.SubscriptionSteps.user_enters_account_credentials()&amp#27;[0m
  &amp#27;[32mAnd &amp#27;[0m&amp#27;[32muser includes the add ons &amp#27;[0m&amp#27;[32m&amp#27;[1m"true"&amp#27;[0m&amp#27;[32m &amp#27;[0m&amp#27;[32m&amp#27;[1m"false"&amp#27;[0m                    &amp#27;[90m# stepDefinition.SubscriptionSteps.user_includes_the_add_ons(java.lang.String,java.lang.String)&amp#27;[0m
  &amp#27;[32mThen &amp#27;[0m&amp#27;[32mverify checkout details are correct&amp#27;[0m                        &amp#27;[90m# stepDefinition.SubscriptionSteps.verify_checkout_details_are_correct()&amp#27;[0m
]]></system-out>
    <system-err><![CDATA[[TestNG-test=Surefire test-1] INFO io.github.bonigarcia.wdm.WebDriverManager - Using chromedriver 106.0.5249.61 (resolved driver for Chrome 106)
[TestNG-test=Surefire test-1] INFO io.github.bonigarcia.wdm.WebDriverManager - Exporting webdriver.chrome.driver as /Users/rahul/.cache/selenium/chromedriver/mac64/106.0.5249.61/chromedriver
Starting ChromeDriver 106.0.5249.61 (511755355844955cd3e264779baf0dd38212a4d0-refs/branch-heads/5249@{#569}) on port 63475
Only local connections are allowed.
Please see https://chromedriver.chromium.org/security-considerations for suggestions on keeping ChromeDriver safe.
ChromeDriver was started successfully.
Oct 23, 2022 5:25:44 PM org.openqa.selenium.remote.ProtocolHandshake createSession
INFO: Detected upstream dialect: W3C
Oct 23, 2022 5:25:44 PM org.openqa.selenium.devtools.CdpVersionFinder findNearestMatch
INFO: Found exact CDP implementation for version 106
]]></system-err>
  </testcase>
  <testcase name="runScenario[&quot;verify user can checkout the subscribed package&quot;, &quot;Checkout the Subscription Package&quot;](3)" classname="testrunners.TestRunner" time="14.911">
    <system-out><![CDATA[
@checkoutFlow
Scenario Outline: verify user can checkout the subscribed package &amp#27;[90m# src/test/resources/features/Subscription.feature:19&amp#27;[0m
  &amp#27;[32mGiven &amp#27;[0m&amp#27;[32muser has logged in to application&amp#27;[0m                         &amp#27;[90m# stepDefinition.SubscriptionSteps.user_has_logged_in_to_application()&amp#27;[0m
  &amp#27;[32mWhen &amp#27;[0m&amp#27;[32muser selects country &amp#27;[0m&amp#27;[32m&amp#27;[1m"Kuwait"&amp#27;[0m                              &amp#27;[90m# stepDefinition.SubscriptionSteps.user_selects_country(java.lang.String)&amp#27;[0m
  &amp#27;[32mAnd &amp#27;[0m&amp#27;[32mchoose and verify trial plan type &amp#27;[0m&amp#27;[32m&amp#27;[1m"Premium"&amp#27;[0m                 &amp#27;[90m# stepDefinition.SubscriptionSteps.choose_and_verify_trial_plan_type(java.lang.String)&amp#27;[0m
  &amp#27;[32mAnd &amp#27;[0m&amp#27;[32muser enters account credentials&amp#27;[0m                             &amp#27;[90m# stepDefinition.SubscriptionSteps.user_enters_account_credentials()&amp#27;[0m
  &amp#27;[32mAnd &amp#27;[0m&amp#27;[32muser includes the add ons &amp#27;[0m&amp#27;[32m&amp#27;[1m"false"&amp#27;[0m&amp#27;[32m &amp#27;[0m&amp#27;[32m&amp#27;[1m"true"&amp#27;[0m                    &amp#27;[90m# stepDefinition.SubscriptionSteps.user_includes_the_add_ons(java.lang.String,java.lang.String)&amp#27;[0m
  &amp#27;[32mThen &amp#27;[0m&amp#27;[32mverify checkout details are correct&amp#27;[0m                        &amp#27;[90m# stepDefinition.SubscriptionSteps.verify_checkout_details_are_correct()&amp#27;[0m
]]></system-out>
    <system-err><![CDATA[[TestNG-test=Surefire test-1] INFO io.github.bonigarcia.wdm.WebDriverManager - Using chromedriver 106.0.5249.61 (resolved driver for Chrome 106)
[TestNG-test=Surefire test-1] INFO io.github.bonigarcia.wdm.WebDriverManager - Exporting webdriver.chrome.driver as /Users/rahul/.cache/selenium/chromedriver/mac64/106.0.5249.61/chromedriver
Starting ChromeDriver 106.0.5249.61 (511755355844955cd3e264779baf0dd38212a4d0-refs/branch-heads/5249@{#569}) on port 62214
Only local connections are allowed.
Please see https://chromedriver.chromium.org/security-considerations for suggestions on keeping ChromeDriver safe.
ChromeDriver was started successfully.
Oct 23, 2022 5:26:00 PM org.openqa.selenium.remote.ProtocolHandshake createSession
INFO: Detected upstream dialect: W3C
Oct 23, 2022 5:26:00 PM org.openqa.selenium.devtools.CdpVersionFinder findNearestMatch
INFO: Found exact CDP implementation for version 106
]]></system-err>
  </testcase>
  <testcase name="runScenario[&quot;verify user can checkout the subscribed package&quot;, &quot;Checkout the Subscription Package&quot;](4)" classname="testrunners.TestRunner" time="10.05">
    <failure message="expected [15.00SAR/Month] but found [from15.00SAR/Month]" type="java.lang.AssertionError"><![CDATA[java.lang.AssertionError: expected [15.00SAR/Month] but found [from15.00SAR/Month]
	at org.testng.Assert.fail(Assert.java:110)
	at org.testng.Assert.failNotEquals(Assert.java:1413)
	at org.testng.Assert.assertEqualsImpl(Assert.java:149)
	at org.testng.Assert.assertEquals(Assert.java:131)
	at org.testng.Assert.assertEquals(Assert.java:655)
	at org.testng.Assert.assertEquals(Assert.java:665)
	at com.pages.StvSubscription.trialPlanSelection(StvSubscription.java:93)
	at stepDefinition.SubscriptionSteps.choose_and_verify_trial_plan_type(SubscriptionSteps.java:29)
	at ✽.choose and verify trial plan type "Lite"(file:///Users/rahul/Documents/ideaProjects/StvProject_Cucumber/src/test/resources/features/Subscription.feature:11)
]]></failure>
    <system-out><![CDATA[
@checkoutFlow
Scenario Outline: verify user can checkout the subscribed package &amp#27;[90m# src/test/resources/features/Subscription.feature:20&amp#27;[0m
  &amp#27;[32mGiven &amp#27;[0m&amp#27;[32muser has logged in to application&amp#27;[0m                         &amp#27;[90m# stepDefinition.SubscriptionSteps.user_has_logged_in_to_application()&amp#27;[0m
  &amp#27;[32mWhen &amp#27;[0m&amp#27;[32muser selects country &amp#27;[0m&amp#27;[32m&amp#27;[1m"KSA"&amp#27;[0m                                 &amp#27;[90m# stepDefinition.SubscriptionSteps.user_selects_country(java.lang.String)&amp#27;[0m
  &amp#27;[31mAnd &amp#27;[0m&amp#27;[31mchoose and verify trial plan type &amp#27;[0m&amp#27;[31m&amp#27;[1m"Lite"&amp#27;[0m                    &amp#27;[90m# stepDefinition.SubscriptionSteps.choose_and_verify_trial_plan_type(java.lang.String)&amp#27;[0m
      &amp#27;[31mjava.lang.AssertionError: expected [15.00SAR/Month] but found [from15.00SAR/Month]
	at org.testng.Assert.fail(Assert.java:110)
	at org.testng.Assert.failNotEquals(Assert.java:1413)
	at org.testng.Assert.assertEqualsImpl(Assert.java:149)
	at org.testng.Assert.assertEquals(Assert.java:131)
	at org.testng.Assert.assertEquals(Assert.java:655)
	at org.testng.Assert.assertEquals(Assert.java:665)
	at com.pages.StvSubscription.trialPlanSelection(StvSubscription.java:93)
	at stepDefinition.SubscriptionSteps.choose_and_verify_trial_plan_type(SubscriptionSteps.java:29)
	at ✽.choose and verify trial plan type "Lite"(file:///Users/rahul/Documents/ideaProjects/StvProject_Cucumber/src/test/resources/features/Subscription.feature:11)
&amp#27;[0m
  &amp#27;[36mAnd &amp#27;[0m&amp#27;[36muser enters account credentials&amp#27;[0m                             &amp#27;[90m# stepDefinition.SubscriptionSteps.user_enters_account_credentials()&amp#27;[0m
  &amp#27;[36mAnd &amp#27;[0m&amp#27;[36muser includes the add ons &amp#27;[0m&amp#27;[36m&amp#27;[1m"false"&amp#27;[0m&amp#27;[36m &amp#27;[0m&amp#27;[36m&amp#27;[1m"false"&amp#27;[0m                   &amp#27;[90m# stepDefinition.SubscriptionSteps.user_includes_the_add_ons(java.lang.String,java.lang.String)&amp#27;[0m
  &amp#27;[36mThen &amp#27;[0m&amp#27;[36mverify checkout details are correct&amp#27;[0m                        &amp#27;[90m# stepDefinition.SubscriptionSteps.verify_checkout_details_are_correct()&amp#27;[0m

    Embedding verify_user_can_checkout_the_subscribed_package [image/png 227808 bytes]

]]></system-out>
    <system-err><![CDATA[[TestNG-test=Surefire test-1] INFO io.github.bonigarcia.wdm.WebDriverManager - Using chromedriver 106.0.5249.61 (resolved driver for Chrome 106)
[TestNG-test=Surefire test-1] INFO io.github.bonigarcia.wdm.WebDriverManager - Exporting webdriver.chrome.driver as /Users/rahul/.cache/selenium/chromedriver/mac64/106.0.5249.61/chromedriver
Starting ChromeDriver 106.0.5249.61 (511755355844955cd3e264779baf0dd38212a4d0-refs/branch-heads/5249@{#569}) on port 58170
Only local connections are allowed.
Please see https://chromedriver.chromium.org/security-considerations for suggestions on keeping ChromeDriver safe.
ChromeDriver was started successfully.
Oct 23, 2022 5:26:15 PM org.openqa.selenium.remote.ProtocolHandshake createSession
INFO: Detected upstream dialect: W3C
Oct 23, 2022 5:26:15 PM org.openqa.selenium.devtools.CdpVersionFinder findNearestMatch
INFO: Found exact CDP implementation for version 106
]]></system-err>
  </testcase>
  <testcase name="runScenario[&quot;verify user can checkout the subscribed package&quot;, &quot;Checkout the Subscription Package&quot;](5)" classname="testrunners.TestRunner" time="10.695">
    <failure message="expected [25.00SAR/Month] but found [from25.00SAR/Month]" type="java.lang.AssertionError"><![CDATA[java.lang.AssertionError: expected [25.00SAR/Month] but found [from25.00SAR/Month]
	at org.testng.Assert.fail(Assert.java:110)
	at org.testng.Assert.failNotEquals(Assert.java:1413)
	at org.testng.Assert.assertEqualsImpl(Assert.java:149)
	at org.testng.Assert.assertEquals(Assert.java:131)
	at org.testng.Assert.assertEquals(Assert.java:655)
	at org.testng.Assert.assertEquals(Assert.java:665)
	at com.pages.StvSubscription.trialPlanSelection(StvSubscription.java:99)
	at stepDefinition.SubscriptionSteps.choose_and_verify_trial_plan_type(SubscriptionSteps.java:29)
	at ✽.choose and verify trial plan type "Classic"(file:///Users/rahul/Documents/ideaProjects/StvProject_Cucumber/src/test/resources/features/Subscription.feature:11)
]]></failure>
    <system-out><![CDATA[
@checkoutFlow
Scenario Outline: verify user can checkout the subscribed package &amp#27;[90m# src/test/resources/features/Subscription.feature:21&amp#27;[0m
  &amp#27;[32mGiven &amp#27;[0m&amp#27;[32muser has logged in to application&amp#27;[0m                         &amp#27;[90m# stepDefinition.SubscriptionSteps.user_has_logged_in_to_application()&amp#27;[0m
  &amp#27;[32mWhen &amp#27;[0m&amp#27;[32muser selects country &amp#27;[0m&amp#27;[32m&amp#27;[1m"KSA"&amp#27;[0m                                 &amp#27;[90m# stepDefinition.SubscriptionSteps.user_selects_country(java.lang.String)&amp#27;[0m
  &amp#27;[31mAnd &amp#27;[0m&amp#27;[31mchoose and verify trial plan type &amp#27;[0m&amp#27;[31m&amp#27;[1m"Classic"&amp#27;[0m                 &amp#27;[90m# stepDefinition.SubscriptionSteps.choose_and_verify_trial_plan_type(java.lang.String)&amp#27;[0m
      &amp#27;[31mjava.lang.AssertionError: expected [25.00SAR/Month] but found [from25.00SAR/Month]
	at org.testng.Assert.fail(Assert.java:110)
	at org.testng.Assert.failNotEquals(Assert.java:1413)
	at org.testng.Assert.assertEqualsImpl(Assert.java:149)
	at org.testng.Assert.assertEquals(Assert.java:131)
	at org.testng.Assert.assertEquals(Assert.java:655)
	at org.testng.Assert.assertEquals(Assert.java:665)
	at com.pages.StvSubscription.trialPlanSelection(StvSubscription.java:99)
	at stepDefinition.SubscriptionSteps.choose_and_verify_trial_plan_type(SubscriptionSteps.java:29)
	at ✽.choose and verify trial plan type "Classic"(file:///Users/rahul/Documents/ideaProjects/StvProject_Cucumber/src/test/resources/features/Subscription.feature:11)
&amp#27;[0m
  &amp#27;[36mAnd &amp#27;[0m&amp#27;[36muser enters account credentials&amp#27;[0m                             &amp#27;[90m# stepDefinition.SubscriptionSteps.user_enters_account_credentials()&amp#27;[0m
  &amp#27;[36mAnd &amp#27;[0m&amp#27;[36muser includes the add ons &amp#27;[0m&amp#27;[36m&amp#27;[1m"true"&amp#27;[0m&amp#27;[36m &amp#27;[0m&amp#27;[36m&amp#27;[1m"true"&amp#27;[0m                     &amp#27;[90m# stepDefinition.SubscriptionSteps.user_includes_the_add_ons(java.lang.String,java.lang.String)&amp#27;[0m
  &amp#27;[36mThen &amp#27;[0m&amp#27;[36mverify checkout details are correct&amp#27;[0m                        &amp#27;[90m# stepDefinition.SubscriptionSteps.verify_checkout_details_are_correct()&amp#27;[0m

    Embedding verify_user_can_checkout_the_subscribed_package [image/png 227813 bytes]

]]></system-out>
    <system-err><![CDATA[[TestNG-test=Surefire test-1] INFO io.github.bonigarcia.wdm.WebDriverManager - Using chromedriver 106.0.5249.61 (resolved driver for Chrome 106)
[TestNG-test=Surefire test-1] INFO io.github.bonigarcia.wdm.WebDriverManager - Exporting webdriver.chrome.driver as /Users/rahul/.cache/selenium/chromedriver/mac64/106.0.5249.61/chromedriver
Starting ChromeDriver 106.0.5249.61 (511755355844955cd3e264779baf0dd38212a4d0-refs/branch-heads/5249@{#569}) on port 50018
Only local connections are allowed.
Please see https://chromedriver.chromium.org/security-considerations for suggestions on keeping ChromeDriver safe.
ChromeDriver was started successfully.
Oct 23, 2022 5:26:25 PM org.openqa.selenium.remote.ProtocolHandshake createSession
INFO: Detected upstream dialect: W3C
Oct 23, 2022 5:26:25 PM org.openqa.selenium.devtools.CdpVersionFinder findNearestMatch
INFO: Found exact CDP implementation for version 106
]]></system-err>
  </testcase>
  <testcase name="runScenario[&quot;verify user can checkout the subscribed package&quot;, &quot;Checkout the Subscription Package&quot;](6)" classname="testrunners.TestRunner" time="9.587">
    <failure message="expected [true] but found [false]" type="java.lang.AssertionError"><![CDATA[java.lang.AssertionError: expected [true] but found [false]
	at org.testng.Assert.fail(Assert.java:110)
	at org.testng.Assert.failNotEquals(Assert.java:1413)
	at org.testng.Assert.assertTrue(Assert.java:56)
	at org.testng.Assert.assertTrue(Assert.java:66)
	at com.pages.CheckOut.addOnPageFieldsVerification(CheckOut.java:112)
	at stepDefinition.SubscriptionSteps.user_includes_the_add_ons(SubscriptionSteps.java:38)
	at ✽.user includes the add ons "false" "false"(file:///Users/rahul/Documents/ideaProjects/StvProject_Cucumber/src/test/resources/features/Subscription.feature:13)
]]></failure>
    <system-out><![CDATA[
@checkoutFlow
Scenario Outline: verify user can checkout the subscribed package &amp#27;[90m# src/test/resources/features/Subscription.feature:22&amp#27;[0m
  &amp#27;[32mGiven &amp#27;[0m&amp#27;[32muser has logged in to application&amp#27;[0m                         &amp#27;[90m# stepDefinition.SubscriptionSteps.user_has_logged_in_to_application()&amp#27;[0m
  &amp#27;[32mWhen &amp#27;[0m&amp#27;[32muser selects country &amp#27;[0m&amp#27;[32m&amp#27;[1m"KSA"&amp#27;[0m                                 &amp#27;[90m# stepDefinition.SubscriptionSteps.user_selects_country(java.lang.String)&amp#27;[0m
  &amp#27;[32mAnd &amp#27;[0m&amp#27;[32mchoose and verify trial plan type &amp#27;[0m&amp#27;[32m&amp#27;[1m"Premium"&amp#27;[0m                 &amp#27;[90m# stepDefinition.SubscriptionSteps.choose_and_verify_trial_plan_type(java.lang.String)&amp#27;[0m
  &amp#27;[32mAnd &amp#27;[0m&amp#27;[32muser enters account credentials&amp#27;[0m                             &amp#27;[90m# stepDefinition.SubscriptionSteps.user_enters_account_credentials()&amp#27;[0m
  &amp#27;[31mAnd &amp#27;[0m&amp#27;[31muser includes the add ons &amp#27;[0m&amp#27;[31m&amp#27;[1m"false"&amp#27;[0m&amp#27;[31m &amp#27;[0m&amp#27;[31m&amp#27;[1m"false"&amp#27;[0m                   &amp#27;[90m# stepDefinition.SubscriptionSteps.user_includes_the_add_ons(java.lang.String,java.lang.String)&amp#27;[0m
      &amp#27;[31mjava.lang.AssertionError: expected [true] but found [false]
	at org.testng.Assert.fail(Assert.java:110)
	at org.testng.Assert.failNotEquals(Assert.java:1413)
	at org.testng.Assert.assertTrue(Assert.java:56)
	at org.testng.Assert.assertTrue(Assert.java:66)
	at com.pages.CheckOut.addOnPageFieldsVerification(CheckOut.java:112)
	at stepDefinition.SubscriptionSteps.user_includes_the_add_ons(SubscriptionSteps.java:38)
	at ✽.user includes the add ons "false" "false"(file:///Users/rahul/Documents/ideaProjects/StvProject_Cucumber/src/test/resources/features/Subscription.feature:13)
&amp#27;[0m
  &amp#27;[36mThen &amp#27;[0m&amp#27;[36mverify checkout details are correct&amp#27;[0m                        &amp#27;[90m# stepDefinition.SubscriptionSteps.verify_checkout_details_are_correct()&amp#27;[0m

    Embedding verify_user_can_checkout_the_subscribed_package [image/png 84533 bytes]

]]></system-out>
    <system-err><![CDATA[[TestNG-test=Surefire test-1] INFO io.github.bonigarcia.wdm.WebDriverManager - Using chromedriver 106.0.5249.61 (resolved driver for Chrome 106)
[TestNG-test=Surefire test-1] INFO io.github.bonigarcia.wdm.WebDriverManager - Exporting webdriver.chrome.driver as /Users/rahul/.cache/selenium/chromedriver/mac64/106.0.5249.61/chromedriver
Starting ChromeDriver 106.0.5249.61 (511755355844955cd3e264779baf0dd38212a4d0-refs/branch-heads/5249@{#569}) on port 51119
Only local connections are allowed.
Please see https://chromedriver.chromium.org/security-considerations for suggestions on keeping ChromeDriver safe.
ChromeDriver was started successfully.
Oct 23, 2022 5:26:36 PM org.openqa.selenium.remote.ProtocolHandshake createSession
INFO: Detected upstream dialect: W3C
Oct 23, 2022 5:26:36 PM org.openqa.selenium.devtools.CdpVersionFinder findNearestMatch
INFO: Found exact CDP implementation for version 106
]]></system-err>
  </testcase>
  <testcase name="runScenario[&quot;verify user can checkout the subscribed package&quot;, &quot;Checkout the Subscription Package&quot;](7)" classname="testrunners.TestRunner" time="17.338">
    <failure message="expected [true] but found [false]" type="java.lang.AssertionError"><![CDATA[java.lang.AssertionError: expected [true] but found [false]
	at org.testng.Assert.fail(Assert.java:110)
	at org.testng.Assert.failNotEquals(Assert.java:1413)
	at org.testng.Assert.assertTrue(Assert.java:56)
	at org.testng.Assert.assertTrue(Assert.java:66)
	at com.pages.CheckOut.addOnPageFieldsVerification(CheckOut.java:119)
	at stepDefinition.SubscriptionSteps.user_includes_the_add_ons(SubscriptionSteps.java:38)
	at ✽.user includes the add ons "true" "false"(file:///Users/rahul/Documents/ideaProjects/StvProject_Cucumber/src/test/resources/features/Subscription.feature:13)
]]></failure>
    <system-out><![CDATA[
@checkoutFlow
Scenario Outline: verify user can checkout the subscribed package &amp#27;[90m# src/test/resources/features/Subscription.feature:23&amp#27;[0m
  &amp#27;[32mGiven &amp#27;[0m&amp#27;[32muser has logged in to application&amp#27;[0m                         &amp#27;[90m# stepDefinition.SubscriptionSteps.user_has_logged_in_to_application()&amp#27;[0m
  &amp#27;[32mWhen &amp#27;[0m&amp#27;[32muser selects country &amp#27;[0m&amp#27;[32m&amp#27;[1m"Bahrain"&amp#27;[0m                             &amp#27;[90m# stepDefinition.SubscriptionSteps.user_selects_country(java.lang.String)&amp#27;[0m
  &amp#27;[32mAnd &amp#27;[0m&amp#27;[32mchoose and verify trial plan type &amp#27;[0m&amp#27;[32m&amp#27;[1m"Lite"&amp#27;[0m                    &amp#27;[90m# stepDefinition.SubscriptionSteps.choose_and_verify_trial_plan_type(java.lang.String)&amp#27;[0m
  &amp#27;[32mAnd &amp#27;[0m&amp#27;[32muser enters account credentials&amp#27;[0m                             &amp#27;[90m# stepDefinition.SubscriptionSteps.user_enters_account_credentials()&amp#27;[0m
  &amp#27;[31mAnd &amp#27;[0m&amp#27;[31muser includes the add ons &amp#27;[0m&amp#27;[31m&amp#27;[1m"true"&amp#27;[0m&amp#27;[31m &amp#27;[0m&amp#27;[31m&amp#27;[1m"false"&amp#27;[0m                    &amp#27;[90m# stepDefinition.SubscriptionSteps.user_includes_the_add_ons(java.lang.String,java.lang.String)&amp#27;[0m
      &amp#27;[31mjava.lang.AssertionError: expected [true] but found [false]
	at org.testng.Assert.fail(Assert.java:110)
	at org.testng.Assert.failNotEquals(Assert.java:1413)
	at org.testng.Assert.assertTrue(Assert.java:56)
	at org.testng.Assert.assertTrue(Assert.java:66)
	at com.pages.CheckOut.addOnPageFieldsVerification(CheckOut.java:119)
	at stepDefinition.SubscriptionSteps.user_includes_the_add_ons(SubscriptionSteps.java:38)
	at ✽.user includes the add ons "true" "false"(file:///Users/rahul/Documents/ideaProjects/StvProject_Cucumber/src/test/resources/features/Subscription.feature:13)
&amp#27;[0m
  &amp#27;[36mThen &amp#27;[0m&amp#27;[36mverify checkout details are correct&amp#27;[0m                        &amp#27;[90m# stepDefinition.SubscriptionSteps.verify_checkout_details_are_correct()&amp#27;[0m

    Embedding verify_user_can_checkout_the_subscribed_package [image/png 185341 bytes]

]]></system-out>
    <system-err><![CDATA[[TestNG-test=Surefire test-1] INFO io.github.bonigarcia.wdm.WebDriverManager - Using chromedriver 106.0.5249.61 (resolved driver for Chrome 106)
[TestNG-test=Surefire test-1] INFO io.github.bonigarcia.wdm.WebDriverManager - Exporting webdriver.chrome.driver as /Users/rahul/.cache/selenium/chromedriver/mac64/106.0.5249.61/chromedriver
Starting ChromeDriver 106.0.5249.61 (511755355844955cd3e264779baf0dd38212a4d0-refs/branch-heads/5249@{#569}) on port 49160
Only local connections are allowed.
Please see https://chromedriver.chromium.org/security-considerations for suggestions on keeping ChromeDriver safe.
ChromeDriver was started successfully.
Oct 23, 2022 5:26:45 PM org.openqa.selenium.remote.ProtocolHandshake createSession
INFO: Detected upstream dialect: W3C
Oct 23, 2022 5:26:45 PM org.openqa.selenium.devtools.CdpVersionFinder findNearestMatch
INFO: Found exact CDP implementation for version 106
]]></system-err>
  </testcase>
  <testcase name="runScenario[&quot;verify user can checkout the subscribed package&quot;, &quot;Checkout the Subscription Package&quot;](8)" classname="testrunners.TestRunner" time="14.229">
    <system-out><![CDATA[
@checkoutFlow
Scenario Outline: verify user can checkout the subscribed package &amp#27;[90m# src/test/resources/features/Subscription.feature:24&amp#27;[0m
  &amp#27;[32mGiven &amp#27;[0m&amp#27;[32muser has logged in to application&amp#27;[0m                         &amp#27;[90m# stepDefinition.SubscriptionSteps.user_has_logged_in_to_application()&amp#27;[0m
  &amp#27;[32mWhen &amp#27;[0m&amp#27;[32muser selects country &amp#27;[0m&amp#27;[32m&amp#27;[1m"Bahrain"&amp#27;[0m                             &amp#27;[90m# stepDefinition.SubscriptionSteps.user_selects_country(java.lang.String)&amp#27;[0m
  &amp#27;[32mAnd &amp#27;[0m&amp#27;[32mchoose and verify trial plan type &amp#27;[0m&amp#27;[32m&amp#27;[1m"Classic"&amp#27;[0m                 &amp#27;[90m# stepDefinition.SubscriptionSteps.choose_and_verify_trial_plan_type(java.lang.String)&amp#27;[0m
  &amp#27;[32mAnd &amp#27;[0m&amp#27;[32muser enters account credentials&amp#27;[0m                             &amp#27;[90m# stepDefinition.SubscriptionSteps.user_enters_account_credentials()&amp#27;[0m
  &amp#27;[32mAnd &amp#27;[0m&amp#27;[32muser includes the add ons &amp#27;[0m&amp#27;[32m&amp#27;[1m"false"&amp#27;[0m&amp#27;[32m &amp#27;[0m&amp#27;[32m&amp#27;[1m"true"&amp#27;[0m                    &amp#27;[90m# stepDefinition.SubscriptionSteps.user_includes_the_add_ons(java.lang.String,java.lang.String)&amp#27;[0m
  &amp#27;[32mThen &amp#27;[0m&amp#27;[32mverify checkout details are correct&amp#27;[0m                        &amp#27;[90m# stepDefinition.SubscriptionSteps.verify_checkout_details_are_correct()&amp#27;[0m
]]></system-out>
    <system-err><![CDATA[[TestNG-test=Surefire test-1] INFO io.github.bonigarcia.wdm.WebDriverManager - Using chromedriver 106.0.5249.61 (resolved driver for Chrome 106)
[TestNG-test=Surefire test-1] INFO io.github.bonigarcia.wdm.WebDriverManager - Exporting webdriver.chrome.driver as /Users/rahul/.cache/selenium/chromedriver/mac64/106.0.5249.61/chromedriver
Starting ChromeDriver 106.0.5249.61 (511755355844955cd3e264779baf0dd38212a4d0-refs/branch-heads/5249@{#569}) on port 54858
Only local connections are allowed.
Please see https://chromedriver.chromium.org/security-considerations for suggestions on keeping ChromeDriver safe.
ChromeDriver was started successfully.
Oct 23, 2022 5:27:03 PM org.openqa.selenium.remote.ProtocolHandshake createSession
INFO: Detected upstream dialect: W3C
Oct 23, 2022 5:27:03 PM org.openqa.selenium.devtools.CdpVersionFinder findNearestMatch
INFO: Found exact CDP implementation for version 106
]]></system-err>
  </testcase>
  <testcase name="runScenario[&quot;verify user can checkout the subscribed package&quot;, &quot;Checkout the Subscription Package&quot;](9)" classname="testrunners.TestRunner" time="15.558">
    <system-out><![CDATA[
@checkoutFlow
Scenario Outline: verify user can checkout the subscribed package &amp#27;[90m# src/test/resources/features/Subscription.feature:25&amp#27;[0m
  &amp#27;[32mGiven &amp#27;[0m&amp#27;[32muser has logged in to application&amp#27;[0m                         &amp#27;[90m# stepDefinition.SubscriptionSteps.user_has_logged_in_to_application()&amp#27;[0m
  &amp#27;[32mWhen &amp#27;[0m&amp#27;[32muser selects country &amp#27;[0m&amp#27;[32m&amp#27;[1m"Bahrain"&amp#27;[0m                             &amp#27;[90m# stepDefinition.SubscriptionSteps.user_selects_country(java.lang.String)&amp#27;[0m
  &amp#27;[32mAnd &amp#27;[0m&amp#27;[32mchoose and verify trial plan type &amp#27;[0m&amp#27;[32m&amp#27;[1m"Premium"&amp#27;[0m                 &amp#27;[90m# stepDefinition.SubscriptionSteps.choose_and_verify_trial_plan_type(java.lang.String)&amp#27;[0m
  &amp#27;[32mAnd &amp#27;[0m&amp#27;[32muser enters account credentials&amp#27;[0m                             &amp#27;[90m# stepDefinition.SubscriptionSteps.user_enters_account_credentials()&amp#27;[0m
  &amp#27;[32mAnd &amp#27;[0m&amp#27;[32muser includes the add ons &amp#27;[0m&amp#27;[32m&amp#27;[1m"true"&amp#27;[0m&amp#27;[32m &amp#27;[0m&amp#27;[32m&amp#27;[1m"false"&amp#27;[0m                    &amp#27;[90m# stepDefinition.SubscriptionSteps.user_includes_the_add_ons(java.lang.String,java.lang.String)&amp#27;[0m
  &amp#27;[32mThen &amp#27;[0m&amp#27;[32mverify checkout details are correct&amp#27;[0m                        &amp#27;[90m# stepDefinition.SubscriptionSteps.verify_checkout_details_are_correct()&amp#27;[0m
]]></system-out>
    <system-err><![CDATA[[TestNG-test=Surefire test-1] INFO io.github.bonigarcia.wdm.WebDriverManager - Using chromedriver 106.0.5249.61 (resolved driver for Chrome 106)
[TestNG-test=Surefire test-1] INFO io.github.bonigarcia.wdm.WebDriverManager - Exporting webdriver.chrome.driver as /Users/rahul/.cache/selenium/chromedriver/mac64/106.0.5249.61/chromedriver
Starting ChromeDriver 106.0.5249.61 (511755355844955cd3e264779baf0dd38212a4d0-refs/branch-heads/5249@{#569}) on port 56092
Only local connections are allowed.
Please see https://chromedriver.chromium.org/security-considerations for suggestions on keeping ChromeDriver safe.
ChromeDriver was started successfully.
Oct 23, 2022 5:27:17 PM org.openqa.selenium.remote.ProtocolHandshake createSession
INFO: Detected upstream dialect: W3C
Oct 23, 2022 5:27:17 PM org.openqa.selenium.devtools.CdpVersionFinder findNearestMatch
INFO: Found exact CDP implementation for version 106
]]></system-err>
  </testcase>
</testsuite>